<?xml version="1.0" encoding="UTF-8"?>
<!-- Generated by org.testng.reporters.JUnitReportReporter -->
<testsuite hostname="LAPTOP-QLTQ10AV" failures="0" tests="2" name="systemTestCase.TransactionDetails" time="38.210" errors="0" timestamp="2025-04-24T20:34:10 IST" skipped="0">
  <testcase classname="systemTestCase.TransactionDetails" name="verifyTransactionDetails" time="19.464"/>
  <system-out/>
  <testcase classname="systemTestCase.TransactionDetails" name="verifyTransactionDetails" time="18.746"/>
  <system-out/>
</testsuite> <!-- systemTestCase.TransactionDetails -->
