<?xml version="1.0" encoding="UTF-8"?>
<!-- Generated by org.testng.reporters.JUnitReportReporter -->
<testsuite hostname="LAPTOP-QLTQ10AV" failures="0" tests="2" name="smokeTestCase.AdminSupplierModule" time="27.895" errors="0" timestamp="2025-04-24T20:34:10 IST" skipped="0">
  <testcase classname="smokeTestCase.AdminSupplierModule" name="adminSupplierModule" time="13.541"/>
  <system-out/>
  <testcase classname="smokeTestCase.AdminSupplierModule" name="adminSupplierModule" time="14.354"/>
  <system-out/>
</testsuite> <!-- smokeTestCase.AdminSupplierModule -->
