<?xml version="1.0" encoding="UTF-8"?>
<!-- Generated by org.testng.reporters.JUnitReportReporter -->
<testsuite hostname="LAPTOP-QLTQ10AV" failures="0" tests="2" name="smokeTestCase.AdminLogin" time="25.957" errors="0" timestamp="2025-04-24T20:34:10 IST" skipped="0">
  <testcase classname="smokeTestCase.AdminLogin" name="loginAsAdmin" time="13.063"/>
  <system-out/>
  <testcase classname="smokeTestCase.AdminLogin" name="loginAsAdmin" time="12.894"/>
  <system-out/>
</testsuite> <!-- smokeTestCase.AdminLogin -->
