<?xml version="1.0" encoding="UTF-8"?>
<!-- Generated by org.testng.reporters.JUnitReportReporter -->
<testsuite hostname="LAPTOP-QLTQ10AV" failures="0" tests="1" name="systemTestCase.TransactionDetails" time="16.328" errors="0" timestamp="2025-05-07T12:45:45 IST" skipped="0">
  <testcase classname="systemTestCase.TransactionDetails" name="verifyTransactionDetails" time="16.328"/>
  <system-out/>
</testsuite> <!-- systemTestCase.TransactionDetails -->
