<?xml version="1.0" encoding="UTF-8"?>
<!-- Generated by org.testng.reporters.JUnitReportReporter -->
<testsuite hostname="LAPTOP-QLTQ10AV" failures="0" tests="2" name="smokeTestCase.UserPurchaseProduct" time="34.916" errors="0" timestamp="2025-04-24T20:34:10 IST" skipped="0">
  <testcase classname="smokeTestCase.UserPurchaseProduct" name="userPurchase" time="17.213"/>
  <system-out/>
  <testcase classname="smokeTestCase.UserPurchaseProduct" name="userPurchase" time="17.703"/>
  <system-out/>
</testsuite> <!-- smokeTestCase.UserPurchaseProduct -->
