<?xml version="1.0" encoding="UTF-8"?>
<!-- Generated by org.testng.reporters.JUnitReportReporter -->
<testsuite hostname="LAPTOP-QLTQ10AV" failures="0" tests="1" name="integrationTestCase.AddNewCustomerAndVerifyInUserPage" time="33.168" errors="0" timestamp="2025-05-07T12:49:50 IST" skipped="0">
  <testcase classname="integrationTestCase.AddNewCustomerAndVerifyInUserPage" name="addNewCustomerAndVeerifyInUser" time="33.168"/>
  <system-out/>
</testsuite> <!-- integrationTestCase.AddNewCustomerAndVerifyInUserPage -->
