<?xml version="1.0" encoding="UTF-8"?>
<!-- Generated by org.testng.reporters.JUnitReportReporter -->
<testsuite hostname="LAPTOP-QLTQ10AV" failures="0" tests="1" name="smokeTestCase.AdminSupplierModule" time="12.454" errors="0" timestamp="2025-05-07T13:23:36 IST" skipped="0">
  <testcase classname="smokeTestCase.AdminSupplierModule" name="adminSupplierModule" time="12.454"/>
  <system-out/>
</testsuite> <!-- smokeTestCase.AdminSupplierModule -->
