<?xml version="1.0" encoding="UTF-8"?>
<!-- Generated by org.testng.reporters.JUnitReportReporter -->
<testsuite hostname="LAPTOP-QLTQ10AV" failures="0" tests="1" name="smokeTestCase.UserPurchaseProduct" time="15.851" errors="0" timestamp="2025-05-07T13:23:36 IST" skipped="0">
  <testcase classname="smokeTestCase.UserPurchaseProduct" name="userPurchase" time="15.851"/>
  <system-out/>
</testsuite> <!-- smokeTestCase.UserPurchaseProduct -->
