<?xml version="1.0" encoding="UTF-8"?>
<!-- Generated by org.testng.reporters.JUnitReportReporter -->
<testsuite hostname="LAPTOP-QLTQ10AV" failures="0" tests="2" name="systemTestCase.EditCustomerDetails" time="70.692" errors="0" timestamp="2025-04-24T20:34:10 IST" skipped="0">
  <testcase classname="systemTestCase.EditCustomerDetails" name="editCustomerDetailsAndVerify" time="36.063"/>
  <system-out/>
  <testcase classname="systemTestCase.EditCustomerDetails" name="editCustomerDetailsAndVerify" time="34.629"/>
  <system-out/>
</testsuite> <!-- systemTestCase.EditCustomerDetails -->
