<?xml version="1.0" encoding="UTF-8"?>
<!-- Generated by org.testng.reporters.JUnitReportReporter -->
<testsuite hostname="LAPTOP-QLTQ10AV" failures="0" tests="1" name="systemTestCase.EditCustomerDetails" time="30.887" errors="0" timestamp="2025-05-07T12:45:45 IST" skipped="0">
  <testcase classname="systemTestCase.EditCustomerDetails" name="editCustomerDetailsAndVerify" time="30.887"/>
  <system-out/>
</testsuite> <!-- systemTestCase.EditCustomerDetails -->
