<?xml version="1.0" encoding="UTF-8"?>
<!-- Generated by org.testng.reporters.JUnitReportReporter -->
<testsuite hostname="LAPTOP-QLTQ10AV" failures="0" tests="1" name="integrationTestCase.AddNewCustomerAndVerify" time="25.679" errors="0" timestamp="2025-04-24T22:37:51 IST" skipped="0">
  <testcase classname="integrationTestCase.AddNewCustomerAndVerify" name="verifyNewAddedCustomer" time="25.679"/>
  <system-out/>
</testsuite> <!-- integrationTestCase.AddNewCustomerAndVerify -->
